\BOOKMARK [0][-]{chapter.1}{\376\377\000W\000s\000t\001\031\000p}{}% 1
\BOOKMARK [0][-]{chapter.2}{\376\377\000P\000o\000d\000s\000t\000a\000w\000y\000\040\000t\000e\000o\000r\000e\000t\000y\000c\000z\000n\000e}{}% 2
\BOOKMARK [1][-]{section.2.1}{\376\377\000C\000z\000y\000m\000\040\000j\000e\000s\000t\000\040\000A\000B\000M\000?}{chapter.2}% 3
\BOOKMARK [1][-]{section.2.2}{\376\377\000S\000i\000e\000c\000i\000\040\000s\000p\000o\001\102\000e\000c\000z\000n\000o\001\133\000c\000i\000o\000w\000e}{chapter.2}% 4
\BOOKMARK [2][-]{subsection.2.2.1}{\376\377\000E\000l\000e\000m\000e\000n\000t\000y\000\040\000s\000i\000e\000c\000i\000\040\000s\000p\000o\001\102\000e\000c\000z\000n\000o\001\133\000c\000i\000o\000w\000y\000c\000h}{section.2.2}% 5
\BOOKMARK [2][-]{subsection.2.2.2}{\376\377\000R\000o\000d\000z\000a\000j\000e\000\040\000s\000i\000e\000c\000i\000\040\000s\000p\000o\001\102\000e\000c\000z\000n\000o\001\133\000c\000i\000o\000w\000y\000c\000h}{section.2.2}% 6
\BOOKMARK [1][-]{section.2.3}{\376\377\000S\000i\000e\001\007\000\040\000E\000r\000d\001\121\000s\000-\000R\000\351\000n\000y\000i}{chapter.2}% 7
\BOOKMARK [2][-]{subsection.2.3.1}{\376\377\000D\000e\000f\000i\000n\000i\000c\000j\000a\000\040\000m\000o\000d\000e\000l\000u\000\040\000E\000r\000d\001\121\000s\000-\000R\000\351\000n\000y\000i}{section.2.3}% 8
\BOOKMARK [2][-]{subsection.2.3.2}{\376\377\000W\001\102\000a\001\133\000c\000i\000w\000o\001\133\000c\000i\000\040\000s\000i\000e\000c\000i\000\040\000E\000r\000d\001\121\000s\000-\000R\000\351\000n\000y\000i}{section.2.3}% 9
\BOOKMARK [2][-]{subsection.2.3.3}{\376\377\000Z\000a\000s\000t\000o\000s\000o\000w\000a\000n\000i\000a\000\040\000s\000i\000e\000c\000i\000\040\000E\000r\000d\001\121\000s\000-\000R\000\351\000n\000y\000i}{section.2.3}% 10
\BOOKMARK [2][-]{subsection.2.3.4}{\376\377\000O\000g\000r\000a\000n\000i\000c\000z\000e\000n\000i\000a\000\040\000m\000o\000d\000e\000l\000u\000\040\000E\000r\000d\001\121\000s\000-\000R\000\351\000n\000y\000i}{section.2.3}% 11
\BOOKMARK [1][-]{section.2.4}{\376\377\000S\000i\000e\001\007\000\040\000B\000a\000r\000a\000b\000\341\000s\000i\000-\000A\000l\000b\000e\000r\000t}{chapter.2}% 12
\BOOKMARK [2][-]{subsection.2.4.1}{\376\377\000Z\000a\001\102\000o\001\174\000e\000n\000i\000a\000\040\000m\000o\000d\000e\000l\000u\000\040\000B\000a\000r\000a\000b\000\341\000s\000i\000-\000A\000l\000b\000e\000r\000t}{section.2.4}% 13
\BOOKMARK [2][-]{subsection.2.4.2}{\376\377\000A\000l\000g\000o\000r\000y\000t\000m\000\040\000g\000e\000n\000e\000r\000o\000w\000a\000n\000i\000a\000\040\000s\000i\000e\000c\000i\000\040\000B\000a\000r\000a\000b\000\341\000s\000i\000-\000A\000l\000b\000e\000r\000t}{section.2.4}% 14
\BOOKMARK [2][-]{subsection.2.4.3}{\376\377\000W\001\102\000a\001\133\000c\000i\000w\000o\001\133\000c\000i\000\040\000s\000i\000e\000c\000i\000\040\000B\000a\000r\000a\000b\000\341\000s\000i\000-\000A\000l\000b\000e\000r\000t}{section.2.4}% 15
\BOOKMARK [2][-]{subsection.2.4.4}{\376\377\000Z\000a\000s\000t\000o\000s\000o\000w\000a\000n\000i\000a\000\040\000s\000i\000e\000c\000i\000\040\000B\000a\000r\000a\000b\000\341\000s\000i\000-\000A\000l\000b\000e\000r\000t}{section.2.4}% 16
\BOOKMARK [2][-]{subsection.2.4.5}{\376\377\000O\000g\000r\000a\000n\000i\000c\000z\000e\000n\000i\000a\000\040\000m\000o\000d\000e\000l\000u\000\040\000B\000a\000r\000a\000b\000\341\000s\000i\000-\000A\000l\000b\000e\000r\000t}{section.2.4}% 17
\BOOKMARK [1][-]{section.2.5}{\376\377\000S\000i\000e\001\007\000\040\000W\000a\000t\000t\000s\000-\000S\000t\000r\000o\000g\000a\000t\000z}{chapter.2}% 18
\BOOKMARK [2][-]{subsection.2.5.1}{\376\377\000C\000e\000c\000h\000y\000\040\000m\000o\000d\000e\000l\000u\000\040\000W\000a\000t\000t\000s\000-\000S\000t\000r\000o\000g\000a\000t\000z}{section.2.5}% 19
\BOOKMARK [2][-]{subsection.2.5.2}{\376\377\000A\000l\000g\000o\000r\000y\000t\000m\000\040\000g\000e\000n\000e\000r\000o\000w\000a\000n\000i\000a\000\040\000s\000i\000e\000c\000i\000\040\000W\000a\000t\000t\000s\000-\000S\000t\000r\000o\000g\000a\000t\000z}{section.2.5}% 20
\BOOKMARK [2][-]{subsection.2.5.3}{\376\377\000W\001\102\000a\001\133\000c\000i\000w\000o\001\133\000c\000i\000\040\000s\000i\000e\000c\000i\000\040\000W\000a\000t\000t\000s\000-\000S\000t\000r\000o\000g\000a\000t\000z}{section.2.5}% 21
\BOOKMARK [2][-]{subsection.2.5.4}{\376\377\000Z\000a\000s\000t\000o\000s\000o\000w\000a\000n\000i\000a\000\040\000s\000i\000e\000c\000i\000\040\000W\000a\000t\000t\000s\000-\000S\000t\000r\000o\000g\000a\000t\000z}{section.2.5}% 22
\BOOKMARK [2][-]{subsection.2.5.5}{\376\377\000O\000g\000r\000a\000n\000i\000c\000z\000e\000n\000i\000a\000\040\000m\000o\000d\000e\000l\000u\000\040\000W\000a\000t\000t\000s\000-\000S\000t\000r\000o\000g\000a\000t\000z}{section.2.5}% 23
\BOOKMARK [1][-]{section.2.6}{\376\377\000D\000i\000a\000g\000r\000a\000m\000\040\000N\000o\000l\000a\000n\000a}{chapter.2}% 24
\BOOKMARK [2][-]{subsection.2.6.1}{\376\377\000K\000o\000n\000t\000e\000k\000s\000t\000\040\000h\000i\000s\000t\000o\000r\000y\000c\000z\000n\000o\000-\000n\000a\000u\000k\000o\000w\000y}{section.2.6}% 25
\BOOKMARK [2][-]{subsection.2.6.2}{\376\377\000O\000p\000i\000s\000\040\000d\000i\000a\000g\000r\000a\000m\000u\000\040\000N\000o\000l\000a\000n\000a}{section.2.6}% 26
\BOOKMARK [2][-]{subsection.2.6.3}{\376\377\000Z\000a\000s\000t\000o\000s\000o\000w\000a\000n\000i\000e\000\040\000i\000\040\000z\000n\000a\000c\000z\000e\000n\000i\000e\000\040\000d\000i\000a\000g\000r\000a\000m\000u\000\040\000N\000o\000l\000a\000n\000a}{section.2.6}% 27
\BOOKMARK [2][-]{subsection.2.6.4}{\376\377\000K\000r\000y\000t\000y\000k\000a\000\040\000d\000i\000a\000g\000r\000a\000m\000u\000\040\000N\000o\000l\000a\000n\000a}{section.2.6}% 28
\BOOKMARK [0][-]{chapter.3}{\376\377\000P\000r\000a\000k\000t\000y\000c\000z\000n\000a\000\040\000r\000e\000a\000l\000i\000z\000a\000c\000j\000a\000\040\000s\000i\000e\000c\000i\000\040\000s\000p\000o\001\102\000e\000c\000z\000n\000o\001\133\000c\000i\000o\000w\000e\000j}{}% 29
\BOOKMARK [1][-]{section.3.1}{\376\377\000O\000p\000i\000s\000\040\000s\000i\000e\000c\000i\000\040\000s\000p\000o\001\102\000e\000c\000z\000n\000o\001\133\000c\000i\000o\000w\000e\000j}{chapter.3}% 30
\BOOKMARK [2][-]{subsection.3.1.1}{\376\377\000O\000p\000i\000s\000\040\000d\000z\000i\000a\001\102\000a\000n\000i\000a\000\040\000a\000g\000e\000n\000t\000a}{section.3.1}% 31
\BOOKMARK [1][-]{section.3.2}{\376\377\000I\000m\000p\000l\000e\000m\000e\000n\000t\000a\000c\000j\000a\000\040\000s\000i\000e\000c\000i\000\040\000s\000p\000o\001\102\000e\000c\000z\000n\000e\000j}{chapter.3}% 32
\BOOKMARK [2][-]{subsection.3.2.1}{\376\377\000K\000l\000a\000s\000a\000\040\000N\000e\000t\000w\000o\000r\000k}{section.3.2}% 33
\BOOKMARK [2][-]{subsection.3.2.2}{\376\377\000K\000l\000a\000s\000a\000\040\000A\000g\000e\000n\000t}{section.3.2}% 34
\BOOKMARK [0][-]{chapter.4}{\376\377\000S\000y\000m\000u\000l\000a\000c\000j\000e\000\040\000i\000\040\000a\000n\000a\000l\000i\000z\000a\000\040\000w\000y\000n\000i\000k\000\363\000w}{}% 35
\BOOKMARK [1][-]{section.4.1}{\376\377\000P\000i\000e\000r\000w\000s\000z\000a\000\040\000s\000y\000m\000u\000l\000a\000c\000j\000a}{chapter.4}% 36
\BOOKMARK [2][-]{subsection.4.1.1}{\376\377\000A\000k\000t\000u\000a\000l\000i\000z\000a\000c\000j\000a\000\040\000o\000p\000i\000n\000i\000i\000\040\000a\000g\000e\000n\000t\000a}{section.4.1}% 37
\BOOKMARK [2][-]{subsection.4.1.2}{\376\377\000R\000o\000z\000k\001\102\000a\000d\000\040\000t\000r\000\363\000j\000k\001\005\000t\000n\000y}{section.4.1}% 38
\BOOKMARK [1][-]{section.4.2}{\376\377\000Z\000w\000i\001\031\000k\000s\000z\000e\000n\000i\000e\000\040\000w\000p\001\102\000y\000w\000u\000\040\000h\000u\000b\000\363\000w\000,\000\040\000z\000m\000i\000a\000n\000a\000\040\000r\000o\000z\000k\001\102\000a\000d\000u}{chapter.4}% 39
\BOOKMARK [1][-]{section.4.3}{\376\377\000W\000s\000p\000\363\001\102\000c\000z\000y\000n\000n\000i\000k\000\040\000m\000o\000d\000y\000f\000i\000k\000u\000j\001\005\000c\000y\000\040\001\133\000r\000e\000d\000n\000i\001\005\000\040\000r\000o\000z\000k\001\102\000a\000d\000u}{chapter.4}% 40
\BOOKMARK [1][-]{section.4.4}{\376\377\000A\000n\000a\000l\000i\000z\000a\000\040\000w\000s\000p\000\363\001\102\000c\000z\000y\000n\000n\000i\000k\000\363\000w\000\040\000m\000o\000d\000y\000f\000i\000k\000u\000j\001\005\000c\000y\000c\000h\000\040\001\133\000r\000e\000d\000n\000i\001\005\000\040\000r\000o\000z\000k\001\102\000a\000d\000u}{chapter.4}% 41
\BOOKMARK [0][-]{chapter.5}{\376\377\000P\000o\000d\000s\000u\000m\000o\000w\000a\000n\000i\000e}{}% 42
\BOOKMARK [0][-]{chapter.5}{\376\377\000S\000p\000i\000s\000\040\000t\000a\000b\000e\000l}{}% 43
\BOOKMARK [0][-]{chapter.5}{\376\377\000S\000p\000i\000s\000\040\000r\000y\000s\000u\000n\000k\000\363\000w}{}% 44
\BOOKMARK [1][-]{section.Alph0.1}{\376\377\000Z\000a\001\102\001\005\000c\000z\000n\000i\000k\000:\000\040\000P\000u\000b\000l\000i\000k\000a\000c\000j\000a}{chapter.5}% 45
\BOOKMARK [0][-]{appendix*.2}{\376\377\000B\000i\000b\000l\000i\000o\000g\000r\000a\000f\000i\000a}{}% 46
